info it worked if it ends with ok
verbose cli [ 'node', '/usr/local/bin/npm', 'test' ]
info using npm@1.1.16
info using node@v0.8.12
verbose /home/manuel/bin/node node symlink
verbose config file /home/manuel/.npmrc
verbose config file /home/manuel/etc/npmrc
verbose config file /usr/local/lib/node_modules/npm/npmrc
verbose caching /tmp/cdnjs/package.json
verbose loadDefaults cdnjs@1.0.0
verbose run-script [ 'pretest', 'test', 'posttest' ]
info pretest cdnjs@1.0.0
info test cdnjs@1.0.0
verbose unsafe-perm in lifecycle true
silly exec sh "-c" "vows"
silly spawning [ 'sh', [ '-c', 'vows' ], '/tmp/cdnjs' ]
info cdnjs@1.0.0 Failed to exec test script
ERR! cdnjs@1.0.0 test: `vows`
ERR! `sh "-c" "vows"` failed with 127
ERR! 
ERR! Failed at the cdnjs@1.0.0 test script.
ERR! This is most likely a problem with the cdnjs package,
ERR! not with npm itself.
ERR! Tell the author that this fails on your system:
ERR!     vows
ERR! You can get their info via:
ERR!     npm owner ls cdnjs
ERR! There is likely additional logging output above.
ERR! 
ERR! System Linux 3.2.0-33-generic
ERR! command "node" "/usr/local/bin/npm" "test"
ERR! cwd /tmp/cdnjs
ERR! node -v v0.8.12
ERR! npm -v 1.1.16
ERR! code ELIFECYCLE
ERR! message cdnjs@1.0.0 test: `vows`
ERR! message `sh "-c" "vows"` failed with 127
ERR! errno {}
verbose exit [ 1, true ]
